[32minfo[39m: Socket.io server initialized {"service":"webscrap-pro-backend","timestamp":"2026-05-29 14:20:53"}
[32minfo[39m: Connecting to MongoDB Atlas... {"service":"webscrap-pro-backend","timestamp":"2026-05-29 14:20:53"}
[32minfo[39m: MongoDB Connected: ac-eetsjpb-shard-00-00.d0njh1f.mongodb.net {"service":"webscrap-pro-backend","timestamp":"2026-05-29 14:20:56"}
[32minfo[39m: Server running in development mode on port 5000 {"service":"webscrap-pro-backend","timestamp":"2026-05-29 14:20:56"}
[32minfo[39m: Socket.io server running on port 5000 {"service":"webscrap-pro-backend","timestamp":"2026-05-29 14:20:56"}
[32minfo[39m: API documentation available at http://localhost:5000/api {"service":"webscrap-pro-backend","timestamp":"2026-05-29 14:20:56"}
[32minfo[39m: GET /api/scrape/jobs?limit=20&page=1 304 - - 523.204 ms {"service":"webscrap-pro-backend","timestamp":"2026-05-29 14:21:00"}
[32minfo[39m: GET /api/scrape/jobs?limit=20&page=1 304 - - 401.376 ms {"service":"webscrap-pro-backend","timestamp":"2026-05-29 14:21:08"}
[32minfo[39m: GET /api/scrape/jobs?limit=20&page=1 304 - - 289.959 ms {"service":"webscrap-pro-backend","timestamp":"2026-05-29 14:21:15"}
[32minfo[39m: GET /api/scrape/jobs?limit=20&page=1 304 - - 374.573 ms {"service":"webscrap-pro-backend","timestamp":"2026-05-29 14:21:23"}
[32minfo[39m: GET /api/scrape/jobs?limit=20&page=1 304 - - 358.234 ms {"service":"webscrap-pro-backend","timestamp":"2026-05-29 14:21:31"}
[32minfo[39m: GET /api/scrape/jobs?limit=20&page=1 304 - - 318.136 ms {"service":"webscrap-pro-backend","timestamp":"2026-05-29 14:21:39"}
[32minfo[39m: GET /api/scrape/jobs?limit=20&page=1 304 - - 327.574 ms {"service":"webscrap-pro-backend","timestamp":"2026-05-29 14:21:47"}
[32minfo[39m: GET /api/scrape/jobs?limit=20&page=1 304 - - 319.374 ms {"service":"webscrap-pro-backend","timestamp":"2026-05-29 14:21:55"}
[32minfo[39m: GET /api/scrape/jobs?limit=20&page=1 304 - - 400.696 ms {"service":"webscrap-pro-backend","timestamp":"2026-05-29 14:22:04"}
[32minfo[39m: GET /api/scrape/jobs?limit=20&page=1 304 - - 296.596 ms {"service":"webscrap-pro-backend","timestamp":"2026-05-29 14:22:11"}
[32minfo[39m: GET /api/scrape/jobs?limit=20&page=1 304 - - 385.683 ms {"service":"webscrap-pro-backend","timestamp":"2026-05-29 14:22:19"}
[32minfo[39m: GET /api/scrape/jobs?limit=20&page=1 304 - - 236.086 ms {"service":"webscrap-pro-backend","timestamp":"2026-05-29 14:22:27"}
[32minfo[39m: GET /api/scrape/jobs?limit=20&page=1 304 - - 267.120 ms {"service":"webscrap-pro-backend","timestamp":"2026-05-29 14:22:35"}
[32minfo[39m: GET /api/scrape/jobs?limit=20&page=1 304 - - 347.452 ms {"service":"webscrap-pro-backend","timestamp":"2026-05-29 14:22:43"}
[32minfo[39m: GET /api/scrape/jobs?limit=20&page=1 304 - - 336.624 ms {"service":"webscrap-pro-backend","timestamp":"2026-05-29 14:22:51"}
[32minfo[39m: GET /api/scrape/jobs?limit=20&page=1 304 - - 325.669 ms {"service":"webscrap-pro-backend","timestamp":"2026-05-29 14:22:59"}
[32minfo[39m: GET /api/scrape/jobs?limit=20&page=1 304 - - 315.789 ms {"service":"webscrap-pro-backend","timestamp":"2026-05-29 14:23:07"}
[32minfo[39m: GET /api/scrape/jobs?limit=20&page=1 304 - - 302.102 ms {"service":"webscrap-pro-backend","timestamp":"2026-05-29 14:23:15"}
[32minfo[39m: GET /api/scrape/jobs?limit=20&page=1 304 - - 390.596 ms {"service":"webscrap-pro-backend","timestamp":"2026-05-29 14:23:23"}
[32minfo[39m: GET /api/scrape/jobs?limit=20&page=1 304 - - 228.419 ms {"service":"webscrap-pro-backend","timestamp":"2026-05-29 14:23:31"}
[32minfo[39m: GET /api/scrape/jobs?limit=20&page=1 304 - - 315.221 ms {"service":"webscrap-pro-backend","timestamp":"2026-05-29 14:23:39"}
[32minfo[39m: GET /api/scrape/jobs?limit=20&page=1 304 - - 313.031 ms {"service":"webscrap-pro-backend","timestamp":"2026-05-29 14:23:47"}
[32minfo[39m: GET /api/scrape/jobs?limit=20&page=1 304 - - 322.147 ms {"service":"webscrap-pro-backend","timestamp":"2026-05-29 14:23:55"}
[32minfo[39m: GET /api/scrape/jobs?limit=20&page=1 304 - - 331.018 ms {"service":"webscrap-pro-backend","timestamp":"2026-05-29 14:24:03"}
[32minfo[39m: GET /api/scrape/jobs?limit=20&page=1 304 - - 316.488 ms {"service":"webscrap-pro-backend","timestamp":"2026-05-29 14:24:11"}
[32minfo[39m: GET /api/scrape/jobs?limit=20&page=1 304 - - 225.412 ms {"service":"webscrap-pro-backend","timestamp":"2026-05-29 14:24:19"}
[32minfo[39m: GET /api/scrape/jobs?limit=20&page=1 304 - - 294.329 ms {"service":"webscrap-pro-backend","timestamp":"2026-05-29 14:24:27"}
[32minfo[39m: GET /api/scrape/jobs?limit=20&page=1 304 - - 353.610 ms {"service":"webscrap-pro-backend","timestamp":"2026-05-29 14:24:35"}
[32minfo[39m: GET /api/scrape/jobs?limit=20&page=1 304 - - 371.749 ms {"service":"webscrap-pro-backend","timestamp":"2026-05-29 14:24:43"}
[32minfo[39m: GET /api/scrape/jobs?limit=20&page=1 304 - - 605.052 ms {"service":"webscrap-pro-backend","timestamp":"2026-05-29 14:24:52"}
[32minfo[39m: GET /api/scrape/jobs?limit=20&page=1 304 - - 339.246 ms {"service":"webscrap-pro-backend","timestamp":"2026-05-29 14:24:59"}
[32minfo[39m: GET /api/scrape/jobs?limit=20&page=1 304 - - 557.000 ms {"service":"webscrap-pro-backend","timestamp":"2026-05-29 14:25:08"}
[32minfo[39m: GET /api/scrape/jobs?limit=20&page=1 304 - - 315.201 ms {"service":"webscrap-pro-backend","timestamp":"2026-05-29 14:25:15"}
[32minfo[39m: GET /api/scrape/jobs?limit=20&page=1 304 - - 451.170 ms {"service":"webscrap-pro-backend","timestamp":"2026-05-29 14:25:24"}
[32minfo[39m: GET /api/scrape/jobs?limit=20&page=1 304 - - 382.025 ms {"service":"webscrap-pro-backend","timestamp":"2026-05-29 14:25:31"}
[32minfo[39m: GET /api/scrape/jobs?limit=20&page=1 304 - - 384.102 ms {"service":"webscrap-pro-backend","timestamp":"2026-05-29 14:25:39"}
[32minfo[39m: GET /api/scrape/jobs?limit=20&page=1 304 - - 362.759 ms {"service":"webscrap-pro-backend","timestamp":"2026-05-29 14:25:47"}
[32minfo[39m: GET /api/scrape/jobs?limit=20&page=1 304 - - 345.442 ms {"service":"webscrap-pro-backend","timestamp":"2026-05-29 14:25:55"}
[32minfo[39m: GET /api/scrape/jobs?limit=20&page=1 304 - - 336.247 ms {"service":"webscrap-pro-backend","timestamp":"2026-05-29 14:26:03"}
[32minfo[39m: GET /api/scrape/jobs?limit=20&page=1 304 - - 425.079 ms {"service":"webscrap-pro-backend","timestamp":"2026-05-29 14:26:12"}
[32minfo[39m: GET /api/scrape/jobs?limit=20&page=1 304 - - 222.179 ms {"service":"webscrap-pro-backend","timestamp":"2026-05-29 14:26:19"}
[32minfo[39m: GET /api/scrape/jobs?limit=20&page=1 304 - - 403.220 ms {"service":"webscrap-pro-backend","timestamp":"2026-05-29 14:26:28"}
[32minfo[39m: GET /api/scrape/jobs?limit=20&page=1 304 - - 363.057 ms {"service":"webscrap-pro-backend","timestamp":"2026-05-29 14:26:35"}
[32minfo[39m: GET /api/scrape/jobs?limit=20&page=1 304 - - 387.300 ms {"service":"webscrap-pro-backend","timestamp":"2026-05-29 14:26:43"}
[32minfo[39m: GET /api/scrape/jobs?limit=20&page=1 304 - - 363.055 ms {"service":"webscrap-pro-backend","timestamp":"2026-05-29 14:26:51"}
[32minfo[39m: GET /api/scrape/jobs?limit=20&page=1 304 - - 352.638 ms {"service":"webscrap-pro-backend","timestamp":"2026-05-29 14:26:59"}
[32minfo[39m: GET /api/scrape/jobs?limit=20&page=1 304 - - 343.144 ms {"service":"webscrap-pro-backend","timestamp":"2026-05-29 14:27:07"}
[32minfo[39m: GET /api/scrape/jobs?limit=20&page=1 304 - - 330.554 ms {"service":"webscrap-pro-backend","timestamp":"2026-05-29 14:27:15"}
[32minfo[39m: GET /api/scrape/jobs?limit=20&page=1 304 - - 316.031 ms {"service":"webscrap-pro-backend","timestamp":"2026-05-29 14:27:23"}
[32minfo[39m: GET /api/scrape/jobs?limit=20&page=1 304 - - 304.068 ms {"service":"webscrap-pro-backend","timestamp":"2026-05-29 14:27:31"}
[32minfo[39m: GET /api/scrape/jobs?limit=20&page=1 304 - - 293.542 ms {"service":"webscrap-pro-backend","timestamp":"2026-05-29 14:27:39"}
[32minfo[39m: GET /api/scrape/jobs?limit=20&page=1 304 - - 381.867 ms {"service":"webscrap-pro-backend","timestamp":"2026-05-29 14:27:47"}
[32minfo[39m: GET /api/analytics/overview 401 44 - 0.977 ms {"service":"webscrap-pro-backend","timestamp":"2026-05-29 14:27:55"}
[32minfo[39m: GET /api/scrape/jobs?limit=20&page=1 304 - - 372.274 ms {"service":"webscrap-pro-backend","timestamp":"2026-05-29 14:27:55"}
[32minfo[39m: GET /api/scrape/jobs?limit=20&page=1 304 - - 260.604 ms {"service":"webscrap-pro-backend","timestamp":"2026-05-29 14:28:03"}
[32minfo[39m: GET /api/scrape/jobs?limit=20&page=1 304 - - 346.622 ms {"service":"webscrap-pro-backend","timestamp":"2026-05-29 14:28:11"}
[32minfo[39m: GET /api/scrape/jobs?limit=20&page=1 304 - - 332.051 ms {"service":"webscrap-pro-backend","timestamp":"2026-05-29 14:28:19"}
[32minfo[39m: GET /api/scrape/jobs?limit=20&page=1 304 - - 322.211 ms {"service":"webscrap-pro-backend","timestamp":"2026-05-29 14:28:27"}
[32minfo[39m: GET /api/scrape/jobs?limit=20&page=1 304 - - 309.844 ms {"service":"webscrap-pro-backend","timestamp":"2026-05-29 14:28:35"}
[32minfo[39m: GET /api/scrape/jobs?limit=20&page=1 304 - - 297.963 ms {"service":"webscrap-pro-backend","timestamp":"2026-05-29 14:28:43"}
[32minfo[39m: GET /api/scrape/jobs?limit=20&page=1 304 - - 284.058 ms {"service":"webscrap-pro-backend","timestamp":"2026-05-29 14:28:51"}
[32minfo[39m: GET /api/scrape/jobs?limit=20&page=1 304 - - 376.282 ms {"service":"webscrap-pro-backend","timestamp":"2026-05-29 14:28:59"}
[32minfo[39m: GET /api/scrape/jobs?limit=20&page=1 304 - - 361.884 ms {"service":"webscrap-pro-backend","timestamp":"2026-05-29 14:29:07"}
[32minfo[39m: GET /api/scrape/jobs?limit=20&page=1 304 - - 352.655 ms {"service":"webscrap-pro-backend","timestamp":"2026-05-29 14:29:16"}
[32minfo[39m: GET /api/scrape/jobs?limit=20&page=1 304 - - 303.825 ms {"service":"webscrap-pro-backend","timestamp":"2026-05-29 14:29:24"}
[32minfo[39m: GET /api/scrape/jobs?limit=20&page=1 304 - - 303.575 ms {"service":"webscrap-pro-backend","timestamp":"2026-05-29 14:29:32"}
[32minfo[39m: GET /api/scrape/jobs?limit=20&page=1 304 - - 323.649 ms {"service":"webscrap-pro-backend","timestamp":"2026-05-29 14:29:40"}
[32minfo[39m: GET /api/scrape/jobs?limit=20&page=1 304 - - 285.152 ms {"service":"webscrap-pro-backend","timestamp":"2026-05-29 14:29:47"}
[32minfo[39m: Starting image scrape: https://books.toscrape.com {"service":"webscrap-pro-backend","timestamp":"2026-05-29 14:29:50"}
[32minfo[39m: POST /api/scrape/images 201 - - 5019.228 ms {"service":"webscrap-pro-backend","timestamp":"2026-05-29 14:29:55"}
[32minfo[39m: GET /api/scrape/jobs?limit=20&page=1 200 - - 280.433 ms {"service":"webscrap-pro-backend","timestamp":"2026-05-29 14:29:55"}
[32minfo[39m: GET /api/scrape/jobs?limit=20&page=1 304 - - 501.216 ms {"service":"webscrap-pro-backend","timestamp":"2026-05-29 14:29:56"}
[32minfo[39m: GET /api/scrape/jobs?limit=20&page=1 304 - - 370.051 ms {"service":"webscrap-pro-backend","timestamp":"2026-05-29 14:30:03"}
[32minfo[39m: GET /api/scrape/jobs?limit=20&page=1 304 - - 511.038 ms {"service":"webscrap-pro-backend","timestamp":"2026-05-29 14:30:12"}
[32minfo[39m: GET /api/scrape/jobs?limit=20&page=1 304 - - 343.380 ms {"service":"webscrap-pro-backend","timestamp":"2026-05-29 14:30:19"}
[32minfo[39m: Starting export job {"service":"webscrap-pro-backend","timestamp":"2026-05-29 14:30:25"}
[31merror[39m: Error creating export job: exportJob.completeJob is not a function {"service":"webscrap-pro-backend","stack":"TypeError: exportJob.completeJob is not a function\n    at ExportService.createExportJob (F:\\webscrap_pro\\backend\\src\\services\\exportService.js:68:23)\n    at async F:\\webscrap_pro\\backend\\src\\controllers\\exportController.js:8:30","timestamp":"2026-05-29 14:30:25"}
[32minfo[39m: POST /api/export/create 400 103 - 686.892 ms {"service":"webscrap-pro-backend","timestamp":"2026-05-29 14:30:25"}
[32minfo[39m: GET /api/scrape/jobs?limit=20&page=1 304 - - 327.634 ms {"service":"webscrap-pro-backend","timestamp":"2026-05-29 14:30:27"}
[32minfo[39m: Starting export job {"service":"webscrap-pro-backend","timestamp":"2026-05-29 14:30:29"}
[31merror[39m: Error creating export job: exportJob.completeJob is not a function {"service":"webscrap-pro-backend","stack":"TypeError: exportJob.completeJob is not a function\n    at ExportService.createExportJob (F:\\webscrap_pro\\backend\\src\\services\\exportService.js:68:23)\n    at async F:\\webscrap_pro\\backend\\src\\controllers\\exportController.js:8:30","timestamp":"2026-05-29 14:30:29"}
[32minfo[39m: POST /api/export/create 400 103 - 685.829 ms {"service":"webscrap-pro-backend","timestamp":"2026-05-29 14:30:29"}
[32minfo[39m: GET /api/scrape/jobs?limit=20&page=1 304 - - 288.431 ms {"service":"webscrap-pro-backend","timestamp":"2026-05-29 14:30:35"}
[32minfo[39m: GET /api/scrape/jobs?limit=20&page=1 304 - - 273.537 ms {"service":"webscrap-pro-backend","timestamp":"2026-05-29 14:30:43"}
[32minfo[39m: GET /api/scrape/jobs?limit=20&page=1 304 - - 336.071 ms {"service":"webscrap-pro-backend","timestamp":"2026-05-29 14:30:52"}
[32minfo[39m: GET /api/scrape/jobs?limit=20&page=1 304 - - 305.351 ms {"service":"webscrap-pro-backend","timestamp":"2026-05-29 14:30:52"}
[32minfo[39m: GET /api/scrape/jobs?limit=20&page=1 304 - - 286.167 ms {"service":"webscrap-pro-backend","timestamp":"2026-05-29 14:31:00"}
[32minfo[39m: GET /api/scrape/jobs?limit=20&page=1 304 - - 301.042 ms {"service":"webscrap-pro-backend","timestamp":"2026-05-29 14:31:08"}
[32minfo[39m: Starting metadata scrape: https://books.toscrape.com/ {"service":"webscrap-pro-backend","timestamp":"2026-05-29 14:31:12"}
[32minfo[39m: POST /api/scrape/metadata 201 476 - 2433.223 ms {"service":"webscrap-pro-backend","timestamp":"2026-05-29 14:31:15"}
[32minfo[39m: GET /api/scrape/jobs?limit=20&page=1 200 - - 299.790 ms {"service":"webscrap-pro-backend","timestamp":"2026-05-29 14:31:16"}
[32minfo[39m: GET /api/scrape/jobs?limit=20&page=1 304 - - 280.329 ms {"service":"webscrap-pro-backend","timestamp":"2026-05-29 14:31:16"}
[32minfo[39m: GET /api/scrape/jobs?limit=20&page=1 304 - - 283.252 ms {"service":"webscrap-pro-backend","timestamp":"2026-05-29 14:31:24"}
[32minfo[39m: GET /api/scrape/jobs?limit=20&page=1 304 - - 362.638 ms {"service":"webscrap-pro-backend","timestamp":"2026-05-29 14:31:32"}
[32minfo[39m: Starting export job {"service":"webscrap-pro-backend","timestamp":"2026-05-29 14:31:37"}
[31merror[39m: Error creating export job: exportJob.completeJob is not a function {"service":"webscrap-pro-backend","stack":"TypeError: exportJob.completeJob is not a function\n    at ExportService.createExportJob (F:\\webscrap_pro\\backend\\src\\services\\exportService.js:68:23)\n    at async F:\\webscrap_pro\\backend\\src\\controllers\\exportController.js:8:30","timestamp":"2026-05-29 14:31:38"}
[32minfo[39m: POST /api/export/create 400 103 - 641.257 ms {"service":"webscrap-pro-backend","timestamp":"2026-05-29 14:31:38"}
[32minfo[39m: GET /api/scrape/jobs?limit=20&page=1 304 - - 353.148 ms {"service":"webscrap-pro-backend","timestamp":"2026-05-29 14:31:40"}
[32minfo[39m: GET /api/scrape/jobs?limit=20&page=1 304 - - 344.017 ms {"service":"webscrap-pro-backend","timestamp":"2026-05-29 14:31:48"}
[32minfo[39m: GET /api/scrape/jobs?limit=20&page=1 304 - - 327.032 ms {"service":"webscrap-pro-backend","timestamp":"2026-05-29 14:31:56"}
[32minfo[39m: GET /api/scrape/jobs?limit=20&page=1 304 - - 317.617 ms {"service":"webscrap-pro-backend","timestamp":"2026-05-29 14:32:04"}
[32minfo[39m: GET /api/scrape/jobs?limit=20&page=1 304 - - 313.470 ms {"service":"webscrap-pro-backend","timestamp":"2026-05-29 14:32:12"}
[32minfo[39m: GET /api/scrape/jobs?limit=20&page=1 304 - - 253.824 ms {"service":"webscrap-pro-backend","timestamp":"2026-05-29 14:32:20"}
[32minfo[39m: GET /api/scrape/jobs?limit=20&page=1 304 - - 379.143 ms {"service":"webscrap-pro-backend","timestamp":"2026-05-29 14:32:28"}
[32minfo[39m: GET /api/scrape/jobs?limit=20&page=1 304 - - 338.889 ms {"service":"webscrap-pro-backend","timestamp":"2026-05-29 14:32:36"}
[32minfo[39m: GET /api/scrape/jobs?limit=20&page=1 304 - - 364.523 ms {"service":"webscrap-pro-backend","timestamp":"2026-05-29 14:32:44"}
[32minfo[39m: GET /api/scrape/jobs?limit=20&page=1 304 - - 343.736 ms {"service":"webscrap-pro-backend","timestamp":"2026-05-29 14:32:52"}
[32minfo[39m: GET /api/scrape/jobs?limit=20&page=1 304 - - 332.903 ms {"service":"webscrap-pro-backend","timestamp":"2026-05-29 14:33:00"}
[32minfo[39m: GET /api/scrape/jobs?limit=20&page=1 200 - - 316.051 ms {"service":"webscrap-pro-backend","timestamp":"2026-05-29 14:36:04"}
[32minfo[39m: GET /api/scrape/jobs?limit=20&page=1 304 - - 312.565 ms {"service":"webscrap-pro-backend","timestamp":"2026-05-29 14:36:12"}
[32minfo[39m: GET /api/scrape/jobs?limit=20&page=1 304 - - 460.087 ms {"service":"webscrap-pro-backend","timestamp":"2026-05-29 14:36:20"}
[32minfo[39m: GET /api/scrape/jobs?limit=20&page=1 304 - - 385.718 ms {"service":"webscrap-pro-backend","timestamp":"2026-05-29 14:36:28"}
[32minfo[39m: GET /api/scrape/jobs?limit=20&page=1 304 - - 371.754 ms {"service":"webscrap-pro-backend","timestamp":"2026-05-29 14:36:36"}
[32minfo[39m: GET /api/scrape/jobs?limit=20&page=1 304 - - 329.932 ms {"service":"webscrap-pro-backend","timestamp":"2026-05-29 14:37:02"}
[32minfo[39m: GET /api/scrape/jobs?limit=20&page=1 304 - - 277.317 ms {"service":"webscrap-pro-backend","timestamp":"2026-05-29 14:37:08"}
[32minfo[39m: GET /api/scrape/jobs?limit=20&page=1 304 - - 309.286 ms {"service":"webscrap-pro-backend","timestamp":"2026-05-29 14:37:16"}
[32minfo[39m: GET /api/scrape/jobs?limit=20&page=1 304 - - 297.149 ms {"service":"webscrap-pro-backend","timestamp":"2026-05-29 14:37:24"}
[32minfo[39m: GET /api/scrape/jobs?limit=20&page=1 304 - - 387.311 ms {"service":"webscrap-pro-backend","timestamp":"2026-05-29 14:37:32"}
[32minfo[39m: GET /api/scrape/jobs?limit=20&page=1 304 - - 235.984 ms {"service":"webscrap-pro-backend","timestamp":"2026-05-29 14:37:40"}
[32minfo[39m: GET /api/scrape/jobs?limit=20&page=1 304 - - 362.367 ms {"service":"webscrap-pro-backend","timestamp":"2026-05-29 14:37:48"}
[32minfo[39m: GET /api/scrape/jobs?limit=20&page=1 304 - - 357.905 ms {"service":"webscrap-pro-backend","timestamp":"2026-05-29 14:37:56"}
[32minfo[39m: GET /api/scrape/jobs?limit=20&page=1 304 - - 345.804 ms {"service":"webscrap-pro-backend","timestamp":"2026-05-29 14:38:04"}
[32minfo[39m: GET /api/scrape/jobs?limit=20&page=1 304 - - 326.306 ms {"service":"webscrap-pro-backend","timestamp":"2026-05-29 14:38:12"}
[32minfo[39m: GET /api/scrape/jobs?limit=20&page=1 304 - - 291.110 ms {"service":"webscrap-pro-backend","timestamp":"2026-05-29 14:38:48"}
[32minfo[39m: GET /api/scrape/jobs?limit=20&page=1 304 - - 368.830 ms {"service":"webscrap-pro-backend","timestamp":"2026-05-29 14:38:52"}
[32minfo[39m: GET /api/scrape/jobs?limit=20&page=1 304 - - 347.707 ms {"service":"webscrap-pro-backend","timestamp":"2026-05-29 14:39:00"}
[32minfo[39m: GET /api/scrape/jobs?limit=20&page=1 304 - - 339.765 ms {"service":"webscrap-pro-backend","timestamp":"2026-05-29 14:39:08"}
[32minfo[39m: GET /api/scrape/jobs?limit=20&page=1 304 - - 320.424 ms {"service":"webscrap-pro-backend","timestamp":"2026-05-29 14:39:16"}
[32minfo[39m: GET /api/scrape/jobs?limit=20&page=1 304 - - 316.647 ms {"service":"webscrap-pro-backend","timestamp":"2026-05-29 14:39:24"}
[32minfo[39m: GET /api/scrape/jobs?limit=20&page=1 304 - - 307.798 ms {"service":"webscrap-pro-backend","timestamp":"2026-05-29 14:39:32"}
[32minfo[39m: GET /api/scrape/jobs?limit=20&page=1 304 - - 298.994 ms {"service":"webscrap-pro-backend","timestamp":"2026-05-29 14:39:40"}
[32minfo[39m: GET /api/scrape/jobs?limit=20&page=1 304 - - 376.312 ms {"service":"webscrap-pro-backend","timestamp":"2026-05-29 14:39:48"}
[32minfo[39m: GET /api/scrape/jobs?limit=20&page=1 304 - - 334.848 ms {"service":"webscrap-pro-backend","timestamp":"2026-05-29 14:40:03"}
[32minfo[39m: GET /api/scrape/jobs?limit=20&page=1 304 - - 344.002 ms {"service":"webscrap-pro-backend","timestamp":"2026-05-29 14:41:03"}
[32minfo[39m: GET /api/scrape/jobs?limit=20&page=1 304 - - 304.519 ms {"service":"webscrap-pro-backend","timestamp":"2026-05-29 14:42:03"}
[32minfo[39m: GET /api/scrape/jobs?limit=20&page=1 304 - - 261.940 ms {"service":"webscrap-pro-backend","timestamp":"2026-05-29 14:42:38"}
[32minfo[39m: GET /api/scrape/jobs?limit=20&page=1 304 - - 302.129 ms {"service":"webscrap-pro-backend","timestamp":"2026-05-29 14:42:44"}
[32minfo[39m: GET /api/scrape/jobs?limit=20&page=1 304 - - 169.809 ms {"service":"webscrap-pro-backend","timestamp":"2026-05-29 14:42:52"}
[32minfo[39m: GET /api/scrape/jobs?limit=20&page=1 304 - - 284.639 ms {"service":"webscrap-pro-backend","timestamp":"2026-05-29 14:43:00"}
[32minfo[39m: GET /api/scrape/jobs?limit=20&page=1 304 - - 374.181 ms {"service":"webscrap-pro-backend","timestamp":"2026-05-29 14:43:08"}
[32minfo[39m: GET /api/scrape/jobs?limit=20&page=1 304 - - 310.653 ms {"service":"webscrap-pro-backend","timestamp":"2026-05-29 14:43:16"}
[32minfo[39m: GET /api/scrape/jobs?limit=20&page=1 304 - - 240.932 ms {"service":"webscrap-pro-backend","timestamp":"2026-05-29 14:43:24"}
[32minfo[39m: GET /api/scrape/jobs?limit=20&page=1 304 - - 334.097 ms {"service":"webscrap-pro-backend","timestamp":"2026-05-29 14:43:32"}
[32minfo[39m: GET /api/scrape/jobs?limit=20&page=1 304 - - 319.749 ms {"service":"webscrap-pro-backend","timestamp":"2026-05-29 14:43:40"}
[32minfo[39m: GET /api/scrape/jobs?limit=20&page=1 304 - - 252.020 ms {"service":"webscrap-pro-backend","timestamp":"2026-05-29 14:44:03"}
[32minfo[39m: GET /api/scrape/jobs?limit=20&page=1 304 - - 356.368 ms {"service":"webscrap-pro-backend","timestamp":"2026-05-29 14:45:03"}
[32minfo[39m: GET /api/scrape/jobs?limit=20&page=1 304 - - 357.020 ms {"service":"webscrap-pro-backend","timestamp":"2026-05-29 14:46:03"}
[32minfo[39m: GET /api/scrape/jobs?limit=20&page=1 304 - - 386.259 ms {"service":"webscrap-pro-backend","timestamp":"2026-05-29 14:47:03"}
[32minfo[39m: GET /api/scrape/jobs?limit=20&page=1 304 - - 381.938 ms {"service":"webscrap-pro-backend","timestamp":"2026-05-29 14:48:03"}
[32minfo[39m: GET /api/scrape/jobs?limit=20&page=1 304 - - 300.330 ms {"service":"webscrap-pro-backend","timestamp":"2026-05-29 14:49:03"}
[32minfo[39m: GET /api/scrape/jobs?limit=20&page=1 304 - - 421.453 ms {"service":"webscrap-pro-backend","timestamp":"2026-05-29 14:50:03"}
[32minfo[39m: GET /api/scrape/jobs?limit=20&page=1 304 - - 311.815 ms {"service":"webscrap-pro-backend","timestamp":"2026-05-29 14:51:03"}
[32minfo[39m: GET /api/scrape/jobs?limit=20&page=1 304 - - 318.016 ms {"service":"webscrap-pro-backend","timestamp":"2026-05-29 14:52:03"}
[32minfo[39m: GET /api/scrape/jobs?limit=20&page=1 304 - - 213.889 ms {"service":"webscrap-pro-backend","timestamp":"2026-05-29 14:53:03"}
[32minfo[39m: GET /api/scrape/jobs?limit=20&page=1 304 - - 336.175 ms {"service":"webscrap-pro-backend","timestamp":"2026-05-29 14:54:03"}
[32minfo[39m: GET /api/scrape/jobs?limit=20&page=1 304 - - 334.925 ms {"service":"webscrap-pro-backend","timestamp":"2026-05-29 14:55:03"}
[32minfo[39m: GET /api/scrape/jobs?limit=20&page=1 304 - - 343.564 ms {"service":"webscrap-pro-backend","timestamp":"2026-05-29 14:56:03"}
[32minfo[39m: GET /api/scrape/jobs?limit=20&page=1 304 - - 302.842 ms {"service":"webscrap-pro-backend","timestamp":"2026-05-29 14:57:03"}
[32minfo[39m: GET /api/scrape/jobs?limit=20&page=1 304 - - 360.399 ms {"service":"webscrap-pro-backend","timestamp":"2026-05-29 14:58:03"}
[32minfo[39m: GET /api/scrape/jobs?limit=20&page=1 304 - - 368.863 ms {"service":"webscrap-pro-backend","timestamp":"2026-05-29 14:59:03"}
[32minfo[39m: GET /api/scrape/jobs?limit=20&page=1 304 - - 271.548 ms {"service":"webscrap-pro-backend","timestamp":"2026-05-29 15:00:03"}
[32minfo[39m: GET /api/scrape/jobs?limit=20&page=1 304 - - 372.411 ms {"service":"webscrap-pro-backend","timestamp":"2026-05-29 15:01:03"}
[32minfo[39m: GET /api/scrape/jobs?limit=20&page=1 304 - - 496.055 ms {"service":"webscrap-pro-backend","timestamp":"2026-05-29 15:02:03"}
[32minfo[39m: GET /api/scrape/jobs?limit=20&page=1 304 - - 294.916 ms {"service":"webscrap-pro-backend","timestamp":"2026-05-29 15:03:03"}
[32minfo[39m: GET /api/scrape/jobs?limit=20&page=1 304 - - 378.976 ms {"service":"webscrap-pro-backend","timestamp":"2026-05-29 15:04:03"}
[32minfo[39m: GET /api/scrape/jobs?limit=20&page=1 304 - - 497.842 ms {"service":"webscrap-pro-backend","timestamp":"2026-05-29 15:05:03"}
[32minfo[39m: GET /api/scrape/jobs?limit=20&page=1 304 - - 309.980 ms {"service":"webscrap-pro-backend","timestamp":"2026-05-29 15:06:03"}
[32minfo[39m: GET /api/scrape/jobs?limit=20&page=1 304 - - 292.727 ms {"service":"webscrap-pro-backend","timestamp":"2026-05-29 15:07:03"}
[32minfo[39m: GET /api/scrape/jobs?limit=20&page=1 304 - - 348.487 ms {"service":"webscrap-pro-backend","timestamp":"2026-05-29 15:08:03"}
[32minfo[39m: GET /api/scrape/jobs?limit=20&page=1 304 - - 343.570 ms {"service":"webscrap-pro-backend","timestamp":"2026-05-29 15:09:03"}
[32minfo[39m: GET /api/scrape/jobs?limit=20&page=1 304 - - 1265.511 ms {"service":"webscrap-pro-backend","timestamp":"2026-05-29 15:10:04"}
[32minfo[39m: GET /api/scrape/jobs?limit=20&page=1 304 - - 362.941 ms {"service":"webscrap-pro-backend","timestamp":"2026-05-29 15:11:03"}
[32minfo[39m: GET /api/scrape/jobs?limit=20&page=1 304 - - 364.394 ms {"service":"webscrap-pro-backend","timestamp":"2026-05-29 15:12:03"}
